2017-09-04T03:27:36.928Z - Client connected...
2017-09-04T03:27:36.987Z - joined client, data: {
    "apiKey": "737097941bb841cd90ed55f38fc57e68",
    "apiSecret": "8b8db7e322034b1bac1150ce081bc9da"
}
2017-09-04T03:28:59.389Z - Client connected...
2017-09-04T03:28:59.459Z - joined client, data: {
    "apiKey": "737097941bb841cd90ed55f38fc57e68",
    "apiSecret": "8b8db7e322034b1bac1150ce081bc9da"
}
2017-09-04T03:29:03.422Z - trade: {
    "marketName": "BTC-SNT",
    "buyRate": "0.00000889",
    "sellRate": "0.00000896",
    "tradeUnits": 100,
    "currency": "SNT",
    "buyCost": "0.00089111",
    "gainsPrice": 0.012427639087499998
}
2017-09-04T03:29:03.619Z - orders: {
    "success": true,
    "message": "",
    "result": [
        {
            "Uuid": null,
            "OrderUuid": "ff93ec87-b7e0-482d-a95d-44334d63592a",
            "Exchange": "BTC-SNT",
            "OrderType": "LIMIT_SELL",
            "Quantity": 500,
            "QuantityRemaining": 500,
            "Limit": 0.00000918,
            "CommissionPaid": 0,
            "Price": 0,
            "PricePerUnit": null,
            "Opened": "2017-09-04T02:13:04.153",
            "Closed": null,
            "CancelInitiated": false,
            "ImmediateOrCancel": false,
            "IsConditional": false,
            "Condition": "NONE",
            "ConditionTarget": null
        }
    ]
}
2017-09-04T03:29:03.619Z - tradeStatus: {
    "status": "active",
    "order": {
        "Uuid": null,
        "OrderUuid": "ff93ec87-b7e0-482d-a95d-44334d63592a",
        "Exchange": "BTC-SNT",
        "OrderType": "LIMIT_SELL",
        "Quantity": 500,
        "QuantityRemaining": 500,
        "Limit": 0.00000918,
        "CommissionPaid": 0,
        "Price": 0,
        "PricePerUnit": null,
        "Opened": "2017-09-04T02:13:04.153",
        "Closed": null,
        "CancelInitiated": false,
        "ImmediateOrCancel": false,
        "IsConditional": false,
        "Condition": "NONE",
        "ConditionTarget": null
    }
}
2017-09-04T03:29:05.625Z - trade: {
    "marketName": "BTC-SNT",
    "buyRate": "0.00000889",
    "sellRate": "0.00000896",
    "tradeUnits": 100,
    "currency": "SNT",
    "buyCost": "0.00089111",
    "gainsPrice": 0.012427639087499998
}
2017-09-04T03:29:05.801Z - orders: {
    "success": true,
    "message": "",
    "result": [
        {
            "Uuid": null,
            "OrderUuid": "ff93ec87-b7e0-482d-a95d-44334d63592a",
            "Exchange": "BTC-SNT",
            "OrderType": "LIMIT_SELL",
            "Quantity": 500,
            "QuantityRemaining": 500,
            "Limit": 0.00000918,
            "CommissionPaid": 0,
            "Price": 0,
            "PricePerUnit": null,
            "Opened": "2017-09-04T02:13:04.153",
            "Closed": null,
            "CancelInitiated": false,
            "ImmediateOrCancel": false,
            "IsConditional": false,
            "Condition": "NONE",
            "ConditionTarget": null
        }
    ]
}
2017-09-04T03:29:05.801Z - tradeStatus: {
    "status": "active",
    "order": {
        "Uuid": null,
        "OrderUuid": "ff93ec87-b7e0-482d-a95d-44334d63592a",
        "Exchange": "BTC-SNT",
        "OrderType": "LIMIT_SELL",
        "Quantity": 500,
        "QuantityRemaining": 500,
        "Limit": 0.00000918,
        "CommissionPaid": 0,
        "Price": 0,
        "PricePerUnit": null,
        "Opened": "2017-09-04T02:13:04.153",
        "Closed": null,
        "CancelInitiated": false,
        "ImmediateOrCancel": false,
        "IsConditional": false,
        "Condition": "NONE",
        "ConditionTarget": null
    }
}
2017-09-04T03:29:07.807Z - trade: {
    "marketName": "BTC-SNT",
    "buyRate": "0.00000889",
    "sellRate": "0.00000896",
    "tradeUnits": 100,
    "currency": "SNT",
    "buyCost": "0.00089111",
    "gainsPrice": 0.012427639087499998
}
2017-09-04T03:29:07.934Z - orders: {
    "success": true,
    "message": "",
    "result": [
        {
            "Uuid": null,
            "OrderUuid": "ff93ec87-b7e0-482d-a95d-44334d63592a",
            "Exchange": "BTC-SNT",
            "OrderType": "LIMIT_SELL",
            "Quantity": 500,
            "QuantityRemaining": 500,
            "Limit": 0.00000918,
            "CommissionPaid": 0,
            "Price": 0,
            "PricePerUnit": null,
            "Opened": "2017-09-04T02:13:04.153",
            "Closed": null,
            "CancelInitiated": false,
            "ImmediateOrCancel": false,
            "IsConditional": false,
            "Condition": "NONE",
            "ConditionTarget": null
        }
    ]
}
2017-09-04T03:29:07.934Z - tradeStatus: {
    "status": "active",
    "order": {
        "Uuid": null,
        "OrderUuid": "ff93ec87-b7e0-482d-a95d-44334d63592a",
        "Exchange": "BTC-SNT",
        "OrderType": "LIMIT_SELL",
        "Quantity": 500,
        "QuantityRemaining": 500,
        "Limit": 0.00000918,
        "CommissionPaid": 0,
        "Price": 0,
        "PricePerUnit": null,
        "Opened": "2017-09-04T02:13:04.153",
        "Closed": null,
        "CancelInitiated": false,
        "ImmediateOrCancel": false,
        "IsConditional": false,
        "Condition": "NONE",
        "ConditionTarget": null
    }
}
2017-09-04T03:29:09.939Z - trade: {
    "marketName": "BTC-SNT",
    "buyRate": "0.00000889",
    "sellRate": "0.00000896",
    "tradeUnits": 100,
    "currency": "SNT",
    "buyCost": "0.00089111",
    "gainsPrice": 0.012427639087499998
}
2017-09-04T03:29:10.059Z - orders: {
    "success": true,
    "message": "",
    "result": [
        {
            "Uuid": null,
            "OrderUuid": "ff93ec87-b7e0-482d-a95d-44334d63592a",
            "Exchange": "BTC-SNT",
            "OrderType": "LIMIT_SELL",
            "Quantity": 500,
            "QuantityRemaining": 500,
            "Limit": 0.00000918,
            "CommissionPaid": 0,
            "Price": 0,
            "PricePerUnit": null,
            "Opened": "2017-09-04T02:13:04.153",
            "Closed": null,
            "CancelInitiated": false,
            "ImmediateOrCancel": false,
            "IsConditional": false,
            "Condition": "NONE",
            "ConditionTarget": null
        }
    ]
}
2017-09-04T03:29:10.059Z - tradeStatus: {
    "status": "active",
    "order": {
        "Uuid": null,
        "OrderUuid": "ff93ec87-b7e0-482d-a95d-44334d63592a",
        "Exchange": "BTC-SNT",
        "OrderType": "LIMIT_SELL",
        "Quantity": 500,
        "QuantityRemaining": 500,
        "Limit": 0.00000918,
        "CommissionPaid": 0,
        "Price": 0,
        "PricePerUnit": null,
        "Opened": "2017-09-04T02:13:04.153",
        "Closed": null,
        "CancelInitiated": false,
        "ImmediateOrCancel": false,
        "IsConditional": false,
        "Condition": "NONE",
        "ConditionTarget": null
    }
}
2017-09-04T03:29:12.065Z - trade: {
    "marketName": "BTC-SNT",
    "buyRate": "0.00000889",
    "sellRate": "0.00000896",
    "tradeUnits": 100,
    "currency": "SNT",
    "buyCost": "0.00089111",
    "gainsPrice": 0.012427639087499998
}
2017-09-04T03:29:12.181Z - orders: {
    "success": true,
    "message": "",
    "result": [
        {
            "Uuid": null,
            "OrderUuid": "ff93ec87-b7e0-482d-a95d-44334d63592a",
            "Exchange": "BTC-SNT",
            "OrderType": "LIMIT_SELL",
            "Quantity": 500,
            "QuantityRemaining": 500,
            "Limit": 0.00000918,
            "CommissionPaid": 0,
            "Price": 0,
            "PricePerUnit": null,
            "Opened": "2017-09-04T02:13:04.153",
            "Closed": null,
            "CancelInitiated": false,
            "ImmediateOrCancel": false,
            "IsConditional": false,
            "Condition": "NONE",
            "ConditionTarget": null
        }
    ]
}
2017-09-04T03:29:12.181Z - tradeStatus: {
    "status": "active",
    "order": {
        "Uuid": null,
        "OrderUuid": "ff93ec87-b7e0-482d-a95d-44334d63592a",
        "Exchange": "BTC-SNT",
        "OrderType": "LIMIT_SELL",
        "Quantity": 500,
        "QuantityRemaining": 500,
        "Limit": 0.00000918,
        "CommissionPaid": 0,
        "Price": 0,
        "PricePerUnit": null,
        "Opened": "2017-09-04T02:13:04.153",
        "Closed": null,
        "CancelInitiated": false,
        "ImmediateOrCancel": false,
        "IsConditional": false,
        "Condition": "NONE",
        "ConditionTarget": null
    }
}
2017-09-04T03:29:14.188Z - trade: {
    "marketName": "BTC-SNT",
    "buyRate": "0.00000889",
    "sellRate": "0.00000896",
    "tradeUnits": 100,
    "currency": "SNT",
    "buyCost": "0.00089111",
    "gainsPrice": 0.012427639087499998
}
2017-09-04T03:29:14.321Z - orders: {
    "success": true,
    "message": "",
    "result": [
        {
            "Uuid": null,
            "OrderUuid": "ff93ec87-b7e0-482d-a95d-44334d63592a",
            "Exchange": "BTC-SNT",
            "OrderType": "LIMIT_SELL",
            "Quantity": 500,
            "QuantityRemaining": 500,
            "Limit": 0.00000918,
            "CommissionPaid": 0,
            "Price": 0,
            "PricePerUnit": null,
            "Opened": "2017-09-04T02:13:04.153",
            "Closed": null,
            "CancelInitiated": false,
            "ImmediateOrCancel": false,
            "IsConditional": false,
            "Condition": "NONE",
            "ConditionTarget": null
        }
    ]
}
2017-09-04T03:29:14.321Z - tradeStatus: {
    "status": "active",
    "order": {
        "Uuid": null,
        "OrderUuid": "ff93ec87-b7e0-482d-a95d-44334d63592a",
        "Exchange": "BTC-SNT",
        "OrderType": "LIMIT_SELL",
        "Quantity": 500,
        "QuantityRemaining": 500,
        "Limit": 0.00000918,
        "CommissionPaid": 0,
        "Price": 0,
        "PricePerUnit": null,
        "Opened": "2017-09-04T02:13:04.153",
        "Closed": null,
        "CancelInitiated": false,
        "ImmediateOrCancel": false,
        "IsConditional": false,
        "Condition": "NONE",
        "ConditionTarget": null
    }
}
2017-09-04T03:29:16.330Z - trade: {
    "marketName": "BTC-SNT",
    "buyRate": "0.00000889",
    "sellRate": "0.00000896",
    "tradeUnits": 100,
    "currency": "SNT",
    "buyCost": "0.00089111",
    "gainsPrice": 0.012427639087499998
}
2017-09-04T03:29:16.684Z - orders: {
    "success": true,
    "message": "",
    "result": [
        {
            "Uuid": null,
            "OrderUuid": "ff93ec87-b7e0-482d-a95d-44334d63592a",
            "Exchange": "BTC-SNT",
            "OrderType": "LIMIT_SELL",
            "Quantity": 500,
            "QuantityRemaining": 500,
            "Limit": 0.00000918,
            "CommissionPaid": 0,
            "Price": 0,
            "PricePerUnit": null,
            "Opened": "2017-09-04T02:13:04.153",
            "Closed": null,
            "CancelInitiated": false,
            "ImmediateOrCancel": false,
            "IsConditional": false,
            "Condition": "NONE",
            "ConditionTarget": null
        }
    ]
}
2017-09-04T03:29:16.684Z - tradeStatus: {
    "status": "active",
    "order": {
        "Uuid": null,
        "OrderUuid": "ff93ec87-b7e0-482d-a95d-44334d63592a",
        "Exchange": "BTC-SNT",
        "OrderType": "LIMIT_SELL",
        "Quantity": 500,
        "QuantityRemaining": 500,
        "Limit": 0.00000918,
        "CommissionPaid": 0,
        "Price": 0,
        "PricePerUnit": null,
        "Opened": "2017-09-04T02:13:04.153",
        "Closed": null,
        "CancelInitiated": false,
        "ImmediateOrCancel": false,
        "IsConditional": false,
        "Condition": "NONE",
        "ConditionTarget": null
    }
}
2017-09-04T03:29:18.693Z - trade: {
    "marketName": "BTC-SNT",
    "buyRate": "0.00000889",
    "sellRate": "0.00000896",
    "tradeUnits": 100,
    "currency": "SNT",
    "buyCost": "0.00089111",
    "gainsPrice": 0.012427639087499998
}
2017-09-04T03:29:18.843Z - orders: {
    "success": true,
    "message": "",
    "result": [
        {
            "Uuid": null,
            "OrderUuid": "ff93ec87-b7e0-482d-a95d-44334d63592a",
            "Exchange": "BTC-SNT",
            "OrderType": "LIMIT_SELL",
            "Quantity": 500,
            "QuantityRemaining": 500,
            "Limit": 0.00000918,
            "CommissionPaid": 0,
            "Price": 0,
            "PricePerUnit": null,
            "Opened": "2017-09-04T02:13:04.153",
            "Closed": null,
            "CancelInitiated": false,
            "ImmediateOrCancel": false,
            "IsConditional": false,
            "Condition": "NONE",
            "ConditionTarget": null
        }
    ]
}
2017-09-04T03:29:18.844Z - tradeStatus: {
    "status": "active",
    "order": {
        "Uuid": null,
        "OrderUuid": "ff93ec87-b7e0-482d-a95d-44334d63592a",
        "Exchange": "BTC-SNT",
        "OrderType": "LIMIT_SELL",
        "Quantity": 500,
        "QuantityRemaining": 500,
        "Limit": 0.00000918,
        "CommissionPaid": 0,
        "Price": 0,
        "PricePerUnit": null,
        "Opened": "2017-09-04T02:13:04.153",
        "Closed": null,
        "CancelInitiated": false,
        "ImmediateOrCancel": false,
        "IsConditional": false,
        "Condition": "NONE",
        "ConditionTarget": null
    }
}
2017-09-04T03:29:20.852Z - trade: {
    "marketName": "BTC-SNT",
    "buyRate": "0.00000889",
    "sellRate": "0.00000896",
    "tradeUnits": 100,
    "currency": "SNT",
    "buyCost": "0.00089111",
    "gainsPrice": 0.012427639087499998
}
2017-09-04T03:29:20.969Z - orders: {
    "success": true,
    "message": "",
    "result": [
        {
            "Uuid": null,
            "OrderUuid": "ff93ec87-b7e0-482d-a95d-44334d63592a",
            "Exchange": "BTC-SNT",
            "OrderType": "LIMIT_SELL",
            "Quantity": 500,
            "QuantityRemaining": 500,
            "Limit": 0.00000918,
            "CommissionPaid": 0,
            "Price": 0,
            "PricePerUnit": null,
            "Opened": "2017-09-04T02:13:04.153",
            "Closed": null,
            "CancelInitiated": false,
            "ImmediateOrCancel": false,
            "IsConditional": false,
            "Condition": "NONE",
            "ConditionTarget": null
        }
    ]
}
2017-09-04T03:29:20.969Z - tradeStatus: {
    "status": "active",
    "order": {
        "Uuid": null,
        "OrderUuid": "ff93ec87-b7e0-482d-a95d-44334d63592a",
        "Exchange": "BTC-SNT",
        "OrderType": "LIMIT_SELL",
        "Quantity": 500,
        "QuantityRemaining": 500,
        "Limit": 0.00000918,
        "CommissionPaid": 0,
        "Price": 0,
        "PricePerUnit": null,
        "Opened": "2017-09-04T02:13:04.153",
        "Closed": null,
        "CancelInitiated": false,
        "ImmediateOrCancel": false,
        "IsConditional": false,
        "Condition": "NONE",
        "ConditionTarget": null
    }
}
2017-09-04T03:29:22.974Z - trade: {
    "marketName": "BTC-SNT",
    "buyRate": "0.00000889",
    "sellRate": "0.00000896",
    "tradeUnits": 100,
    "currency": "SNT",
    "buyCost": "0.00089111",
    "gainsPrice": 0.012427639087499998
}
2017-09-04T03:29:23.090Z - orders: {
    "success": true,
    "message": "",
    "result": [
        {
            "Uuid": null,
            "OrderUuid": "ff93ec87-b7e0-482d-a95d-44334d63592a",
            "Exchange": "BTC-SNT",
            "OrderType": "LIMIT_SELL",
            "Quantity": 500,
            "QuantityRemaining": 500,
            "Limit": 0.00000918,
            "CommissionPaid": 0,
            "Price": 0,
            "PricePerUnit": null,
            "Opened": "2017-09-04T02:13:04.153",
            "Closed": null,
            "CancelInitiated": false,
            "ImmediateOrCancel": false,
            "IsConditional": false,
            "Condition": "NONE",
            "ConditionTarget": null
        }
    ]
}
2017-09-04T03:29:23.090Z - tradeStatus: {
    "status": "active",
    "order": {
        "Uuid": null,
        "OrderUuid": "ff93ec87-b7e0-482d-a95d-44334d63592a",
        "Exchange": "BTC-SNT",
        "OrderType": "LIMIT_SELL",
        "Quantity": 500,
        "QuantityRemaining": 500,
        "Limit": 0.00000918,
        "CommissionPaid": 0,
        "Price": 0,
        "PricePerUnit": null,
        "Opened": "2017-09-04T02:13:04.153",
        "Closed": null,
        "CancelInitiated": false,
        "ImmediateOrCancel": false,
        "IsConditional": false,
        "Condition": "NONE",
        "ConditionTarget": null
    }
}
2017-09-04T03:29:25.593Z - trade: {
    "marketName": "BTC-SNT",
    "buyRate": "0.00000889",
    "sellRate": "0.00000896",
    "tradeUnits": 100,
    "currency": "SNT",
    "buyCost": "0.00089111",
    "gainsPrice": 0.012427639087499998
}
2017-09-04T03:29:25.716Z - orders: {
    "success": true,
    "message": "",
    "result": [
        {
            "Uuid": null,
            "OrderUuid": "ff93ec87-b7e0-482d-a95d-44334d63592a",
            "Exchange": "BTC-SNT",
            "OrderType": "LIMIT_SELL",
            "Quantity": 500,
            "QuantityRemaining": 500,
            "Limit": 0.00000918,
            "CommissionPaid": 0,
            "Price": 0,
            "PricePerUnit": null,
            "Opened": "2017-09-04T02:13:04.153",
            "Closed": null,
            "CancelInitiated": false,
            "ImmediateOrCancel": false,
            "IsConditional": false,
            "Condition": "NONE",
            "ConditionTarget": null
        }
    ]
}
2017-09-04T03:29:25.716Z - tradeStatus: {
    "status": "active",
    "order": {
        "Uuid": null,
        "OrderUuid": "ff93ec87-b7e0-482d-a95d-44334d63592a",
        "Exchange": "BTC-SNT",
        "OrderType": "LIMIT_SELL",
        "Quantity": 500,
        "QuantityRemaining": 500,
        "Limit": 0.00000918,
        "CommissionPaid": 0,
        "Price": 0,
        "PricePerUnit": null,
        "Opened": "2017-09-04T02:13:04.153",
        "Closed": null,
        "CancelInitiated": false,
        "ImmediateOrCancel": false,
        "IsConditional": false,
        "Condition": "NONE",
        "ConditionTarget": null
    }
}
2017-09-04T03:29:27.721Z - trade: {
    "marketName": "BTC-SNT",
    "buyRate": "0.00000889",
    "sellRate": "0.00000896",
    "tradeUnits": 100,
    "currency": "SNT",
    "buyCost": "0.00089111",
    "gainsPrice": 0.012427639087499998
}
2017-09-04T03:29:27.875Z - orders: {
    "success": true,
    "message": "",
    "result": [
        {
            "Uuid": null,
            "OrderUuid": "ff93ec87-b7e0-482d-a95d-44334d63592a",
            "Exchange": "BTC-SNT",
            "OrderType": "LIMIT_SELL",
            "Quantity": 500,
            "QuantityRemaining": 500,
            "Limit": 0.00000918,
            "CommissionPaid": 0,
            "Price": 0,
            "PricePerUnit": null,
            "Opened": "2017-09-04T02:13:04.153",
            "Closed": null,
            "CancelInitiated": false,
            "ImmediateOrCancel": false,
            "IsConditional": false,
            "Condition": "NONE",
            "ConditionTarget": null
        }
    ]
}
2017-09-04T03:29:27.876Z - tradeStatus: {
    "status": "active",
    "order": {
        "Uuid": null,
        "OrderUuid": "ff93ec87-b7e0-482d-a95d-44334d63592a",
        "Exchange": "BTC-SNT",
        "OrderType": "LIMIT_SELL",
        "Quantity": 500,
        "QuantityRemaining": 500,
        "Limit": 0.00000918,
        "CommissionPaid": 0,
        "Price": 0,
        "PricePerUnit": null,
        "Opened": "2017-09-04T02:13:04.153",
        "Closed": null,
        "CancelInitiated": false,
        "ImmediateOrCancel": false,
        "IsConditional": false,
        "Condition": "NONE",
        "ConditionTarget": null
    }
}
2017-09-04T03:29:30.321Z - trade: {
    "marketName": "BTC-SNT",
    "buyRate": "0.00000889",
    "sellRate": "0.00000896",
    "tradeUnits": 100,
    "currency": "SNT",
    "buyCost": "0.00089111",
    "gainsPrice": 0.012427639087499998
}
2017-09-04T03:29:30.437Z - orders: {
    "success": true,
    "message": "",
    "result": [
        {
            "Uuid": null,
            "OrderUuid": "ff93ec87-b7e0-482d-a95d-44334d63592a",
            "Exchange": "BTC-SNT",
            "OrderType": "LIMIT_SELL",
            "Quantity": 500,
            "QuantityRemaining": 500,
            "Limit": 0.00000918,
            "CommissionPaid": 0,
            "Price": 0,
            "PricePerUnit": null,
            "Opened": "2017-09-04T02:13:04.153",
            "Closed": null,
            "CancelInitiated": false,
            "ImmediateOrCancel": false,
            "IsConditional": false,
            "Condition": "NONE",
            "ConditionTarget": null
        }
    ]
}
2017-09-04T03:29:30.437Z - tradeStatus: {
    "status": "active",
    "order": {
        "Uuid": null,
        "OrderUuid": "ff93ec87-b7e0-482d-a95d-44334d63592a",
        "Exchange": "BTC-SNT",
        "OrderType": "LIMIT_SELL",
        "Quantity": 500,
        "QuantityRemaining": 500,
        "Limit": 0.00000918,
        "CommissionPaid": 0,
        "Price": 0,
        "PricePerUnit": null,
        "Opened": "2017-09-04T02:13:04.153",
        "Closed": null,
        "CancelInitiated": false,
        "ImmediateOrCancel": false,
        "IsConditional": false,
        "Condition": "NONE",
        "ConditionTarget": null
    }
}
2017-09-04T03:29:33.322Z - trade: {
    "marketName": "BTC-SNT",
    "buyRate": "0.00000889",
    "sellRate": "0.00000896",
    "tradeUnits": 100,
    "currency": "SNT",
    "buyCost": "0.00089111",
    "gainsPrice": 0.012427639087499998
}
2017-09-04T03:29:33.465Z - orders: {
    "success": true,
    "message": "",
    "result": [
        {
            "Uuid": null,
            "OrderUuid": "ff93ec87-b7e0-482d-a95d-44334d63592a",
            "Exchange": "BTC-SNT",
            "OrderType": "LIMIT_SELL",
            "Quantity": 500,
            "QuantityRemaining": 500,
            "Limit": 0.00000918,
            "CommissionPaid": 0,
            "Price": 0,
            "PricePerUnit": null,
            "Opened": "2017-09-04T02:13:04.153",
            "Closed": null,
            "CancelInitiated": false,
            "ImmediateOrCancel": false,
            "IsConditional": false,
            "Condition": "NONE",
            "ConditionTarget": null
        }
    ]
}
2017-09-04T03:29:33.465Z - tradeStatus: {
    "status": "active",
    "order": {
        "Uuid": null,
        "OrderUuid": "ff93ec87-b7e0-482d-a95d-44334d63592a",
        "Exchange": "BTC-SNT",
        "OrderType": "LIMIT_SELL",
        "Quantity": 500,
        "QuantityRemaining": 500,
        "Limit": 0.00000918,
        "CommissionPaid": 0,
        "Price": 0,
        "PricePerUnit": null,
        "Opened": "2017-09-04T02:13:04.153",
        "Closed": null,
        "CancelInitiated": false,
        "ImmediateOrCancel": false,
        "IsConditional": false,
        "Condition": "NONE",
        "ConditionTarget": null
    }
}
2017-09-04T03:29:36.319Z - trade: {
    "marketName": "BTC-SNT",
    "buyRate": "0.00000889",
    "sellRate": "0.00000896",
    "tradeUnits": 100,
    "currency": "SNT",
    "buyCost": "0.00089111",
    "gainsPrice": 0.012427639087499998
}
2017-09-04T03:29:36.433Z - orders: {
    "success": true,
    "message": "",
    "result": [
        {
            "Uuid": null,
            "OrderUuid": "ff93ec87-b7e0-482d-a95d-44334d63592a",
            "Exchange": "BTC-SNT",
            "OrderType": "LIMIT_SELL",
            "Quantity": 500,
            "QuantityRemaining": 500,
            "Limit": 0.00000918,
            "CommissionPaid": 0,
            "Price": 0,
            "PricePerUnit": null,
            "Opened": "2017-09-04T02:13:04.153",
            "Closed": null,
            "CancelInitiated": false,
            "ImmediateOrCancel": false,
            "IsConditional": false,
            "Condition": "NONE",
            "ConditionTarget": null
        }
    ]
}
2017-09-04T03:29:36.433Z - tradeStatus: {
    "status": "active",
    "order": {
        "Uuid": null,
        "OrderUuid": "ff93ec87-b7e0-482d-a95d-44334d63592a",
        "Exchange": "BTC-SNT",
        "OrderType": "LIMIT_SELL",
        "Quantity": 500,
        "QuantityRemaining": 500,
        "Limit": 0.00000918,
        "CommissionPaid": 0,
        "Price": 0,
        "PricePerUnit": null,
        "Opened": "2017-09-04T02:13:04.153",
        "Closed": null,
        "CancelInitiated": false,
        "ImmediateOrCancel": false,
        "IsConditional": false,
        "Condition": "NONE",
        "ConditionTarget": null
    }
}
2017-09-04T03:29:39.321Z - trade: {
    "marketName": "BTC-SNT",
    "buyRate": "0.00000889",
    "sellRate": "0.00000896",
    "tradeUnits": 100,
    "currency": "SNT",
    "buyCost": "0.00089111",
    "gainsPrice": 0.012427639087499998
}
2017-09-04T03:29:39.449Z - orders: {
    "success": true,
    "message": "",
    "result": [
        {
            "Uuid": null,
            "OrderUuid": "ff93ec87-b7e0-482d-a95d-44334d63592a",
            "Exchange": "BTC-SNT",
            "OrderType": "LIMIT_SELL",
            "Quantity": 500,
            "QuantityRemaining": 500,
            "Limit": 0.00000918,
            "CommissionPaid": 0,
            "Price": 0,
            "PricePerUnit": null,
            "Opened": "2017-09-04T02:13:04.153",
            "Closed": null,
            "CancelInitiated": false,
            "ImmediateOrCancel": false,
            "IsConditional": false,
            "Condition": "NONE",
            "ConditionTarget": null
        }
    ]
}
2017-09-04T03:29:39.450Z - tradeStatus: {
    "status": "active",
    "order": {
        "Uuid": null,
        "OrderUuid": "ff93ec87-b7e0-482d-a95d-44334d63592a",
        "Exchange": "BTC-SNT",
        "OrderType": "LIMIT_SELL",
        "Quantity": 500,
        "QuantityRemaining": 500,
        "Limit": 0.00000918,
        "CommissionPaid": 0,
        "Price": 0,
        "PricePerUnit": null,
        "Opened": "2017-09-04T02:13:04.153",
        "Closed": null,
        "CancelInitiated": false,
        "ImmediateOrCancel": false,
        "IsConditional": false,
        "Condition": "NONE",
        "ConditionTarget": null
    }
}
2017-09-04T03:29:42.321Z - trade: {
    "marketName": "BTC-SNT",
    "buyRate": "0.00000889",
    "sellRate": "0.00000896",
    "tradeUnits": 100,
    "currency": "SNT",
    "buyCost": "0.00089111",
    "gainsPrice": 0.012427639087499998
}
2017-09-04T03:29:42.451Z - orders: {
    "success": true,
    "message": "",
    "result": [
        {
            "Uuid": null,
            "OrderUuid": "ff93ec87-b7e0-482d-a95d-44334d63592a",
            "Exchange": "BTC-SNT",
            "OrderType": "LIMIT_SELL",
            "Quantity": 500,
            "QuantityRemaining": 500,
            "Limit": 0.00000918,
            "CommissionPaid": 0,
            "Price": 0,
            "PricePerUnit": null,
            "Opened": "2017-09-04T02:13:04.153",
            "Closed": null,
            "CancelInitiated": false,
            "ImmediateOrCancel": false,
            "IsConditional": false,
            "Condition": "NONE",
            "ConditionTarget": null
        }
    ]
}
2017-09-04T03:29:42.451Z - tradeStatus: {
    "status": "active",
    "order": {
        "Uuid": null,
        "OrderUuid": "ff93ec87-b7e0-482d-a95d-44334d63592a",
        "Exchange": "BTC-SNT",
        "OrderType": "LIMIT_SELL",
        "Quantity": 500,
        "QuantityRemaining": 500,
        "Limit": 0.00000918,
        "CommissionPaid": 0,
        "Price": 0,
        "PricePerUnit": null,
        "Opened": "2017-09-04T02:13:04.153",
        "Closed": null,
        "CancelInitiated": false,
        "ImmediateOrCancel": false,
        "IsConditional": false,
        "Condition": "NONE",
        "ConditionTarget": null
    }
}
2017-09-04T03:29:45.320Z - trade: {
    "marketName": "BTC-SNT",
    "buyRate": "0.00000889",
    "sellRate": "0.00000896",
    "tradeUnits": 100,
    "currency": "SNT",
    "buyCost": "0.00089111",
    "gainsPrice": 0.012427639087499998
}
2017-09-04T03:29:45.435Z - orders: {
    "success": true,
    "message": "",
    "result": [
        {
            "Uuid": null,
            "OrderUuid": "ff93ec87-b7e0-482d-a95d-44334d63592a",
            "Exchange": "BTC-SNT",
            "OrderType": "LIMIT_SELL",
            "Quantity": 500,
            "QuantityRemaining": 500,
            "Limit": 0.00000918,
            "CommissionPaid": 0,
            "Price": 0,
            "PricePerUnit": null,
            "Opened": "2017-09-04T02:13:04.153",
            "Closed": null,
            "CancelInitiated": false,
            "ImmediateOrCancel": false,
            "IsConditional": false,
            "Condition": "NONE",
            "ConditionTarget": null
        }
    ]
}
2017-09-04T03:29:45.435Z - tradeStatus: {
    "status": "active",
    "order": {
        "Uuid": null,
        "OrderUuid": "ff93ec87-b7e0-482d-a95d-44334d63592a",
        "Exchange": "BTC-SNT",
        "OrderType": "LIMIT_SELL",
        "Quantity": 500,
        "QuantityRemaining": 500,
        "Limit": 0.00000918,
        "CommissionPaid": 0,
        "Price": 0,
        "PricePerUnit": null,
        "Opened": "2017-09-04T02:13:04.153",
        "Closed": null,
        "CancelInitiated": false,
        "ImmediateOrCancel": false,
        "IsConditional": false,
        "Condition": "NONE",
        "ConditionTarget": null
    }
}
2017-09-04T03:29:48.321Z - trade: {
    "marketName": "BTC-SNT",
    "buyRate": "0.00000889",
    "sellRate": "0.00000896",
    "tradeUnits": 100,
    "currency": "SNT",
    "buyCost": "0.00089111",
    "gainsPrice": 0.012427639087499998
}
2017-09-04T03:29:48.436Z - orders: {
    "success": true,
    "message": "",
    "result": [
        {
            "Uuid": null,
            "OrderUuid": "ff93ec87-b7e0-482d-a95d-44334d63592a",
            "Exchange": "BTC-SNT",
            "OrderType": "LIMIT_SELL",
            "Quantity": 500,
            "QuantityRemaining": 500,
            "Limit": 0.00000918,
            "CommissionPaid": 0,
            "Price": 0,
            "PricePerUnit": null,
            "Opened": "2017-09-04T02:13:04.153",
            "Closed": null,
            "CancelInitiated": false,
            "ImmediateOrCancel": false,
            "IsConditional": false,
            "Condition": "NONE",
            "ConditionTarget": null
        }
    ]
}
2017-09-04T03:29:48.436Z - tradeStatus: {
    "status": "active",
    "order": {
        "Uuid": null,
        "OrderUuid": "ff93ec87-b7e0-482d-a95d-44334d63592a",
        "Exchange": "BTC-SNT",
        "OrderType": "LIMIT_SELL",
        "Quantity": 500,
        "QuantityRemaining": 500,
        "Limit": 0.00000918,
        "CommissionPaid": 0,
        "Price": 0,
        "PricePerUnit": null,
        "Opened": "2017-09-04T02:13:04.153",
        "Closed": null,
        "CancelInitiated": false,
        "ImmediateOrCancel": false,
        "IsConditional": false,
        "Condition": "NONE",
        "ConditionTarget": null
    }
}
2017-09-04T03:29:52.319Z - trade: {
    "marketName": "BTC-SNT",
    "buyRate": "0.00000889",
    "sellRate": "0.00000896",
    "tradeUnits": 100,
    "currency": "SNT",
    "buyCost": "0.00089111",
    "gainsPrice": 0.012427639087499998
}
2017-09-04T03:29:52.522Z - orders: {
    "success": true,
    "message": "",
    "result": [
        {
            "Uuid": null,
            "OrderUuid": "ff93ec87-b7e0-482d-a95d-44334d63592a",
            "Exchange": "BTC-SNT",
            "OrderType": "LIMIT_SELL",
            "Quantity": 500,
            "QuantityRemaining": 500,
            "Limit": 0.00000918,
            "CommissionPaid": 0,
            "Price": 0,
            "PricePerUnit": null,
            "Opened": "2017-09-04T02:13:04.153",
            "Closed": null,
            "CancelInitiated": false,
            "ImmediateOrCancel": false,
            "IsConditional": false,
            "Condition": "NONE",
            "ConditionTarget": null
        }
    ]
}
2017-09-04T03:29:52.522Z - tradeStatus: {
    "status": "active",
    "order": {
        "Uuid": null,
        "OrderUuid": "ff93ec87-b7e0-482d-a95d-44334d63592a",
        "Exchange": "BTC-SNT",
        "OrderType": "LIMIT_SELL",
        "Quantity": 500,
        "QuantityRemaining": 500,
        "Limit": 0.00000918,
        "CommissionPaid": 0,
        "Price": 0,
        "PricePerUnit": null,
        "Opened": "2017-09-04T02:13:04.153",
        "Closed": null,
        "CancelInitiated": false,
        "ImmediateOrCancel": false,
        "IsConditional": false,
        "Condition": "NONE",
        "ConditionTarget": null
    }
}
2017-09-04T03:29:55.321Z - trade: {
    "marketName": "BTC-SNT",
    "buyRate": "0.00000889",
    "sellRate": "0.00000896",
    "tradeUnits": 100,
    "currency": "SNT",
    "buyCost": "0.00089111",
    "gainsPrice": 0.012427639087499998
}
2017-09-04T03:29:55.456Z - orders: {
    "success": true,
    "message": "",
    "result": [
        {
            "Uuid": null,
            "OrderUuid": "ff93ec87-b7e0-482d-a95d-44334d63592a",
            "Exchange": "BTC-SNT",
            "OrderType": "LIMIT_SELL",
            "Quantity": 500,
            "QuantityRemaining": 500,
            "Limit": 0.00000918,
            "CommissionPaid": 0,
            "Price": 0,
            "PricePerUnit": null,
            "Opened": "2017-09-04T02:13:04.153",
            "Closed": null,
            "CancelInitiated": false,
            "ImmediateOrCancel": false,
            "IsConditional": false,
            "Condition": "NONE",
            "ConditionTarget": null
        }
    ]
}
2017-09-04T03:29:55.457Z - tradeStatus: {
    "status": "active",
    "order": {
        "Uuid": null,
        "OrderUuid": "ff93ec87-b7e0-482d-a95d-44334d63592a",
        "Exchange": "BTC-SNT",
        "OrderType": "LIMIT_SELL",
        "Quantity": 500,
        "QuantityRemaining": 500,
        "Limit": 0.00000918,
        "CommissionPaid": 0,
        "Price": 0,
        "PricePerUnit": null,
        "Opened": "2017-09-04T02:13:04.153",
        "Closed": null,
        "CancelInitiated": false,
        "ImmediateOrCancel": false,
        "IsConditional": false,
        "Condition": "NONE",
        "ConditionTarget": null
    }
}
2017-09-04T03:29:58.320Z - trade: {
    "marketName": "BTC-SNT",
    "buyRate": "0.00000889",
    "sellRate": "0.00000896",
    "tradeUnits": 100,
    "currency": "SNT",
    "buyCost": "0.00089111",
    "gainsPrice": 0.012427639087499998
}
2017-09-04T03:29:58.445Z - orders: {
    "success": true,
    "message": "",
    "result": [
        {
            "Uuid": null,
            "OrderUuid": "ff93ec87-b7e0-482d-a95d-44334d63592a",
            "Exchange": "BTC-SNT",
            "OrderType": "LIMIT_SELL",
            "Quantity": 500,
            "QuantityRemaining": 500,
            "Limit": 0.00000918,
            "CommissionPaid": 0,
            "Price": 0,
            "PricePerUnit": null,
            "Opened": "2017-09-04T02:13:04.153",
            "Closed": null,
            "CancelInitiated": false,
            "ImmediateOrCancel": false,
            "IsConditional": false,
            "Condition": "NONE",
            "ConditionTarget": null
        }
    ]
}
2017-09-04T03:29:58.445Z - tradeStatus: {
    "status": "active",
    "order": {
        "Uuid": null,
        "OrderUuid": "ff93ec87-b7e0-482d-a95d-44334d63592a",
        "Exchange": "BTC-SNT",
        "OrderType": "LIMIT_SELL",
        "Quantity": 500,
        "QuantityRemaining": 500,
        "Limit": 0.00000918,
        "CommissionPaid": 0,
        "Price": 0,
        "PricePerUnit": null,
        "Opened": "2017-09-04T02:13:04.153",
        "Closed": null,
        "CancelInitiated": false,
        "ImmediateOrCancel": false,
        "IsConditional": false,
        "Condition": "NONE",
        "ConditionTarget": null
    }
}
2017-09-04T03:30:01.319Z - trade: {
    "marketName": "BTC-SNT",
    "buyRate": "0.00000889",
    "sellRate": "0.00000896",
    "tradeUnits": 100,
    "currency": "SNT",
    "buyCost": "0.00089111",
    "gainsPrice": 0.012427639087499998
}
2017-09-04T03:30:01.743Z - orders: {
    "success": true,
    "message": "",
    "result": [
        {
            "Uuid": null,
            "OrderUuid": "ff93ec87-b7e0-482d-a95d-44334d63592a",
            "Exchange": "BTC-SNT",
            "OrderType": "LIMIT_SELL",
            "Quantity": 500,
            "QuantityRemaining": 500,
            "Limit": 0.00000918,
            "CommissionPaid": 0,
            "Price": 0,
            "PricePerUnit": null,
            "Opened": "2017-09-04T02:13:04.153",
            "Closed": null,
            "CancelInitiated": false,
            "ImmediateOrCancel": false,
            "IsConditional": false,
            "Condition": "NONE",
            "ConditionTarget": null
        }
    ]
}
2017-09-04T03:30:01.743Z - tradeStatus: {
    "status": "active",
    "order": {
        "Uuid": null,
        "OrderUuid": "ff93ec87-b7e0-482d-a95d-44334d63592a",
        "Exchange": "BTC-SNT",
        "OrderType": "LIMIT_SELL",
        "Quantity": 500,
        "QuantityRemaining": 500,
        "Limit": 0.00000918,
        "CommissionPaid": 0,
        "Price": 0,
        "PricePerUnit": null,
        "Opened": "2017-09-04T02:13:04.153",
        "Closed": null,
        "CancelInitiated": false,
        "ImmediateOrCancel": false,
        "IsConditional": false,
        "Condition": "NONE",
        "ConditionTarget": null
    }
}
2017-09-04T03:30:04.322Z - trade: {
    "marketName": "BTC-SNT",
    "buyRate": "0.00000889",
    "sellRate": "0.00000896",
    "tradeUnits": 100,
    "currency": "SNT",
    "buyCost": "0.00089111",
    "gainsPrice": 0.012427639087499998
}
2017-09-04T03:30:04.448Z - orders: {
    "success": true,
    "message": "",
    "result": [
        {
            "Uuid": null,
            "OrderUuid": "ff93ec87-b7e0-482d-a95d-44334d63592a",
            "Exchange": "BTC-SNT",
            "OrderType": "LIMIT_SELL",
            "Quantity": 500,
            "QuantityRemaining": 500,
            "Limit": 0.00000918,
            "CommissionPaid": 0,
            "Price": 0,
            "PricePerUnit": null,
            "Opened": "2017-09-04T02:13:04.153",
            "Closed": null,
            "CancelInitiated": false,
            "ImmediateOrCancel": false,
            "IsConditional": false,
            "Condition": "NONE",
            "ConditionTarget": null
        }
    ]
}
2017-09-04T03:30:04.448Z - tradeStatus: {
    "status": "active",
    "order": {
        "Uuid": null,
        "OrderUuid": "ff93ec87-b7e0-482d-a95d-44334d63592a",
        "Exchange": "BTC-SNT",
        "OrderType": "LIMIT_SELL",
        "Quantity": 500,
        "QuantityRemaining": 500,
        "Limit": 0.00000918,
        "CommissionPaid": 0,
        "Price": 0,
        "PricePerUnit": null,
        "Opened": "2017-09-04T02:13:04.153",
        "Closed": null,
        "CancelInitiated": false,
        "ImmediateOrCancel": false,
        "IsConditional": false,
        "Condition": "NONE",
        "ConditionTarget": null
    }
}
2017-09-04T03:30:07.320Z - trade: {
    "marketName": "BTC-SNT",
    "buyRate": "0.00000889",
    "sellRate": "0.00000896",
    "tradeUnits": 100,
    "currency": "SNT",
    "buyCost": "0.00089111",
    "gainsPrice": 0.012427639087499998
}
2017-09-04T03:30:07.438Z - orders: {
    "success": true,
    "message": "",
    "result": [
        {
            "Uuid": null,
            "OrderUuid": "ff93ec87-b7e0-482d-a95d-44334d63592a",
            "Exchange": "BTC-SNT",
            "OrderType": "LIMIT_SELL",
            "Quantity": 500,
            "QuantityRemaining": 500,
            "Limit": 0.00000918,
            "CommissionPaid": 0,
            "Price": 0,
            "PricePerUnit": null,
            "Opened": "2017-09-04T02:13:04.153",
            "Closed": null,
            "CancelInitiated": false,
            "ImmediateOrCancel": false,
            "IsConditional": false,
            "Condition": "NONE",
            "ConditionTarget": null
        }
    ]
}
2017-09-04T03:30:07.438Z - tradeStatus: {
    "status": "active",
    "order": {
        "Uuid": null,
        "OrderUuid": "ff93ec87-b7e0-482d-a95d-44334d63592a",
        "Exchange": "BTC-SNT",
        "OrderType": "LIMIT_SELL",
        "Quantity": 500,
        "QuantityRemaining": 500,
        "Limit": 0.00000918,
        "CommissionPaid": 0,
        "Price": 0,
        "PricePerUnit": null,
        "Opened": "2017-09-04T02:13:04.153",
        "Closed": null,
        "CancelInitiated": false,
        "ImmediateOrCancel": false,
        "IsConditional": false,
        "Condition": "NONE",
        "ConditionTarget": null
    }
}
2017-09-04T03:30:10.320Z - trade: {
    "marketName": "BTC-SNT",
    "buyRate": "0.00000889",
    "sellRate": "0.00000896",
    "tradeUnits": 100,
    "currency": "SNT",
    "buyCost": "0.00089111",
    "gainsPrice": 0.012427639087499998
}
2017-09-04T03:30:10.444Z - orders: {
    "success": true,
    "message": "",
    "result": [
        {
            "Uuid": null,
            "OrderUuid": "ff93ec87-b7e0-482d-a95d-44334d63592a",
            "Exchange": "BTC-SNT",
            "OrderType": "LIMIT_SELL",
            "Quantity": 500,
            "QuantityRemaining": 500,
            "Limit": 0.00000918,
            "CommissionPaid": 0,
            "Price": 0,
            "PricePerUnit": null,
            "Opened": "2017-09-04T02:13:04.153",
            "Closed": null,
            "CancelInitiated": false,
            "ImmediateOrCancel": false,
            "IsConditional": false,
            "Condition": "NONE",
            "ConditionTarget": null
        }
    ]
}
2017-09-04T03:30:10.444Z - tradeStatus: {
    "status": "active",
    "order": {
        "Uuid": null,
        "OrderUuid": "ff93ec87-b7e0-482d-a95d-44334d63592a",
        "Exchange": "BTC-SNT",
        "OrderType": "LIMIT_SELL",
        "Quantity": 500,
        "QuantityRemaining": 500,
        "Limit": 0.00000918,
        "CommissionPaid": 0,
        "Price": 0,
        "PricePerUnit": null,
        "Opened": "2017-09-04T02:13:04.153",
        "Closed": null,
        "CancelInitiated": false,
        "ImmediateOrCancel": false,
        "IsConditional": false,
        "Condition": "NONE",
        "ConditionTarget": null
    }
}
2017-09-04T03:30:13.321Z - trade: {
    "marketName": "BTC-SNT",
    "buyRate": "0.00000889",
    "sellRate": "0.00000896",
    "tradeUnits": 100,
    "currency": "SNT",
    "buyCost": "0.00089111",
    "gainsPrice": 0.012427639087499998
}
2017-09-04T03:30:13.461Z - orders: {
    "success": true,
    "message": "",
    "result": [
        {
            "Uuid": null,
            "OrderUuid": "ff93ec87-b7e0-482d-a95d-44334d63592a",
            "Exchange": "BTC-SNT",
            "OrderType": "LIMIT_SELL",
            "Quantity": 500,
            "QuantityRemaining": 500,
            "Limit": 0.00000918,
            "CommissionPaid": 0,
            "Price": 0,
            "PricePerUnit": null,
            "Opened": "2017-09-04T02:13:04.153",
            "Closed": null,
            "CancelInitiated": false,
            "ImmediateOrCancel": false,
            "IsConditional": false,
            "Condition": "NONE",
            "ConditionTarget": null
        }
    ]
}
2017-09-04T03:30:13.461Z - tradeStatus: {
    "status": "active",
    "order": {
        "Uuid": null,
        "OrderUuid": "ff93ec87-b7e0-482d-a95d-44334d63592a",
        "Exchange": "BTC-SNT",
        "OrderType": "LIMIT_SELL",
        "Quantity": 500,
        "QuantityRemaining": 500,
        "Limit": 0.00000918,
        "CommissionPaid": 0,
        "Price": 0,
        "PricePerUnit": null,
        "Opened": "2017-09-04T02:13:04.153",
        "Closed": null,
        "CancelInitiated": false,
        "ImmediateOrCancel": false,
        "IsConditional": false,
        "Condition": "NONE",
        "ConditionTarget": null
    }
}
2017-09-04T03:30:16.319Z - trade: {
    "marketName": "BTC-SNT",
    "buyRate": "0.00000889",
    "sellRate": "0.00000896",
    "tradeUnits": 100,
    "currency": "SNT",
    "buyCost": "0.00089111",
    "gainsPrice": 0.012427639087499998
}
2017-09-04T03:30:16.436Z - orders: {
    "success": true,
    "message": "",
    "result": [
        {
            "Uuid": null,
            "OrderUuid": "ff93ec87-b7e0-482d-a95d-44334d63592a",
            "Exchange": "BTC-SNT",
            "OrderType": "LIMIT_SELL",
            "Quantity": 500,
            "QuantityRemaining": 500,
            "Limit": 0.00000918,
            "CommissionPaid": 0,
            "Price": 0,
            "PricePerUnit": null,
            "Opened": "2017-09-04T02:13:04.153",
            "Closed": null,
            "CancelInitiated": false,
            "ImmediateOrCancel": false,
            "IsConditional": false,
            "Condition": "NONE",
            "ConditionTarget": null
        }
    ]
}
2017-09-04T03:30:16.436Z - tradeStatus: {
    "status": "active",
    "order": {
        "Uuid": null,
        "OrderUuid": "ff93ec87-b7e0-482d-a95d-44334d63592a",
        "Exchange": "BTC-SNT",
        "OrderType": "LIMIT_SELL",
        "Quantity": 500,
        "QuantityRemaining": 500,
        "Limit": 0.00000918,
        "CommissionPaid": 0,
        "Price": 0,
        "PricePerUnit": null,
        "Opened": "2017-09-04T02:13:04.153",
        "Closed": null,
        "CancelInitiated": false,
        "ImmediateOrCancel": false,
        "IsConditional": false,
        "Condition": "NONE",
        "ConditionTarget": null
    }
}
